trace IKVM-0001: Executing C:\Users\derrickg\.nuget\packages\ikvm.msbuild.tools.runtime.win-x64\8.15.0\ikvmc\net10.0\win-x64\ikvmc.exe @C:\Repository_VS\SchedulingManagementApp\SchedulingManagementApp\obj\Debug\net10.0-windows\ikvm\stage\1\fa9a2d318541f50a096e28042ce05e6e\biz.aQute.bnd.annotation.dll.rsp
warning IKVM0101: Unable to compile class "aQute.bnd.annotation.Cardinality". (class format error "61.0")
warning IKVM0101: Unable to compile class "aQute.bnd.annotation.Constants". (class format error "61.0")
warning IKVM0101: Unable to compile class "aQute.bnd.annotation.ConsumerType". (class format error "61.0")
warning IKVM0101: Unable to compile class "aQute.bnd.annotation.Export". (class format error "61.0")
warning IKVM0101: Unable to compile class "aQute.bnd.annotation.ProviderType". (class format error "61.0")
warning IKVM0101: Unable to compile class "aQute.bnd.annotation.ProxyType". (class format error "61.0")
warning IKVM0101: Unable to compile class "aQute.bnd.annotation.Resolution". (class format error "61.0")
warning IKVM0101: Unable to compile class "aQute.bnd.annotation.Version". (class format error "61.0")
warning IKVM0101: Unable to compile class "aQute.bnd.annotation.baseline.BaselineIgnore". (class format error "61.0")
warning IKVM0101: Unable to compile class "aQute.bnd.annotation.baseline.package-info". (class format error "61.0")
warning IKVM0101: Unable to compile class "aQute.bnd.annotation.headers.BundleCategory". (class format error "61.0")
warning IKVM0101: Unable to compile class "aQute.bnd.annotation.headers.BundleContributors". (class format error "61.0")
warning IKVM0101: Unable to compile class "aQute.bnd.annotation.headers.BundleCopyright". (class format error "61.0")
warning IKVM0101: Unable to compile class "aQute.bnd.annotation.headers.BundleDevelopers". (class format error "61.0")
warning IKVM0101: Unable to compile class "aQute.bnd.annotation.headers.BundleDocURL". (class format error "61.0")
warning IKVM0101: Unable to compile class "aQute.bnd.annotation.headers.BundleLicense". (class format error "61.0")
warning IKVM0101: Unable to compile class "aQute.bnd.annotation.headers.Category". (class format error "61.0")
warning IKVM0101: Unable to compile class "aQute.bnd.annotation.headers.ProvideCapability". (class format error "61.0")
warning IKVM0101: Unable to compile class "aQute.bnd.annotation.headers.RequireCapability". (class format error "61.0")
warning IKVM0101: Unable to compile class "aQute.bnd.annotation.headers.Resolution". (class format error "61.0")
warning IKVM0101: Unable to compile class "aQute.bnd.annotation.headers.package-info". (class format error "61.0")
warning IKVM0101: Unable to compile class "aQute.bnd.annotation.jpms.Constants". (class format error "61.0")
warning IKVM0101: Unable to compile class "aQute.bnd.annotation.jpms.ExportTo". (class format error "61.0")
warning IKVM0101: Unable to compile class "aQute.bnd.annotation.jpms.MainClass". (class format error "61.0")
warning IKVM0101: Unable to compile class "aQute.bnd.annotation.jpms.Open". (class format error "61.0")
warning IKVM0101: Unable to compile class "aQute.bnd.annotation.jpms.package-info". (class format error "61.0")
warning IKVM0101: Unable to compile class "aQute.bnd.annotation.licenses.ASL_2_0". (class format error "61.0")
warning IKVM0101: Unable to compile class "aQute.bnd.annotation.licenses.Apache_2_0". (class format error "61.0")
warning IKVM0101: Unable to compile class "aQute.bnd.annotation.licenses.BSD_2_Clause". (class format error "61.0")
warning IKVM0101: Unable to compile class "aQute.bnd.annotation.licenses.BSD_3_Clause". (class format error "61.0")
warning IKVM0101: Unable to compile class "aQute.bnd.annotation.licenses.CDDL_1_0". (class format error "61.0")
warning IKVM0101: Unable to compile class "aQute.bnd.annotation.licenses.CPL_1_0". (class format error "61.0")
warning IKVM0101: Unable to compile class "aQute.bnd.annotation.licenses.EPL_1_0". (class format error "61.0")
warning IKVM0101: Unable to compile class "aQute.bnd.annotation.licenses.EPL_2_0". (class format error "61.0")
warning IKVM0101: Unable to compile class "aQute.bnd.annotation.licenses.GPL_2_0". (class format error "61.0")
warning IKVM0101: Unable to compile class "aQute.bnd.annotation.licenses.GPL_2_0_only". (class format error "61.0")
warning IKVM0101: Unable to compile class "aQute.bnd.annotation.licenses.GPL_2_0_or_later". (class format error "61.0")
warning IKVM0101: Unable to compile class "aQute.bnd.annotation.licenses.GPL_3_0". (class format error "61.0")
warning IKVM0101: Unable to compile class "aQute.bnd.annotation.licenses.GPL_3_0_only". (class format error "61.0")
warning IKVM0101: Unable to compile class "aQute.bnd.annotation.licenses.GPL_3_0_or_later". (class format error "61.0")
warning IKVM0101: Unable to compile class "aQute.bnd.annotation.licenses.LGPL_2_1". (class format error "61.0")
warning IKVM0101: Unable to compile class "aQute.bnd.annotation.licenses.LGPL_2_1_only". (class format error "61.0")
warning IKVM0101: Unable to compile class "aQute.bnd.annotation.licenses.LGPL_2_1_or_later". (class format error "61.0")
warning IKVM0101: Unable to compile class "aQute.bnd.annotation.licenses.MIT". (class format error "61.0")
warning IKVM0101: Unable to compile class "aQute.bnd.annotation.licenses.MIT_1_0". (class format error "61.0")
warning IKVM0101: Unable to compile class "aQute.bnd.annotation.licenses.MPL_2_0". (class format error "61.0")
warning IKVM0101: Unable to compile class "aQute.bnd.annotation.licenses.package-info". (class format error "61.0")
warning IKVM0101: Unable to compile class "aQute.bnd.annotation.metatype.Configurable$ConfigurableHandler". (class format error "61.0")
warning IKVM0101: Unable to compile class "aQute.bnd.annotation.metatype.Configurable". (class format error "61.0")
warning IKVM0101: Unable to compile class "aQute.bnd.annotation.metatype.Meta$AD". (class format error "61.0")
warning IKVM0101: Unable to compile class "aQute.bnd.annotation.metatype.Meta$OCD". (class format error "61.0")
warning IKVM0101: Unable to compile class "aQute.bnd.annotation.metatype.Meta$Type". (class format error "61.0")
warning IKVM0101: Unable to compile class "aQute.bnd.annotation.metatype.Meta". (class format error "61.0")
warning IKVM0101: Unable to compile class "aQute.bnd.annotation.metatype.package-info". (class format error "61.0")
warning IKVM0101: Unable to compile class "aQute.bnd.annotation.package-info". (class format error "61.0")
warning IKVM0101: Unable to compile class "aQute.bnd.annotation.plugin.BndPlugin". (class format error "61.0")
warning IKVM0101: Unable to compile class "aQute.bnd.annotation.plugin.InternalPluginDefinition". (class format error "61.0")
warning IKVM0101: Unable to compile class "aQute.bnd.annotation.plugin.InternalPluginNamespace". (class format error "61.0")
warning IKVM0101: Unable to compile class "aQute.bnd.annotation.plugin.package-info". (class format error "61.0")
warning IKVM0101: Unable to compile class "aQute.bnd.annotation.service.ServiceCapabilities". (class format error "61.0")
warning IKVM0101: Unable to compile class "aQute.bnd.annotation.service.ServiceCapability". (class format error "61.0")
warning IKVM0101: Unable to compile class "aQute.bnd.annotation.service.package-info". (class format error "61.0")
warning IKVM0101: Unable to compile class "aQute.bnd.annotation.spi.Constants". (class format error "61.0")
warning IKVM0101: Unable to compile class "aQute.bnd.annotation.spi.ServiceConsumer". (class format error "61.0")
warning IKVM0101: Unable to compile class "aQute.bnd.annotation.spi.ServiceConsumers". (class format error "61.0")
warning IKVM0101: Unable to compile class "aQute.bnd.annotation.spi.ServiceProvider". (class format error "61.0")
warning IKVM0101: Unable to compile class "aQute.bnd.annotation.spi.ServiceProviders". (class format error "61.0")
warning IKVM0101: Unable to compile class "aQute.bnd.annotation.spi.package-info". (class format error "61.0")
warning IKVM0101: Unable to compile class "aQute.bnd.annotation.xml.XMLAttribute". (class format error "61.0")
warning IKVM0101: Unable to compile class "aQute.bnd.annotation.xml.package-info". (class format error "61.0")
