trace IKVM-0001: Executing C:\Users\derrickg\.nuget\packages\ikvm.msbuild.tools.runtime.win-x64\8.15.0\ikvmc\net10.0\win-x64\ikvmc.exe @C:\Repository_VS\SchedulingManagementApp\SchedulingManagementApp\obj\Debug\net10.0-windows\ikvm\stage\1\34e7f4b7f34748a12a06962f62b47817\org.graalvm.nativeimage.dll.rsp
warning IKVM0101: Unable to compile class "org.graalvm.nativeimage.AnnotationAccess". (class format error "55.0")
warning IKVM0101: Unable to compile class "org.graalvm.nativeimage.CurrentIsolate". (class format error "55.0")
warning IKVM0101: Unable to compile class "org.graalvm.nativeimage.Isolate". (class format error "55.0")
warning IKVM0101: Unable to compile class "org.graalvm.nativeimage.IsolateThread". (class format error "55.0")
warning IKVM0101: Unable to compile class "org.graalvm.nativeimage.ImageInfo". (class format error "55.0")
warning IKVM0101: Unable to compile class "org.graalvm.nativeimage.ImageSingletons". (class format error "55.0")
warning IKVM0101: Unable to compile class "org.graalvm.nativeimage.Isolates$IsolateException". (class format error "55.0")
warning IKVM0101: Unable to compile class "org.graalvm.nativeimage.Isolates$CreateIsolateParameters$Builder". (class format error "55.0")
warning IKVM0101: Unable to compile class "org.graalvm.nativeimage.Isolates$CreateIsolateParameters". (class format error "55.0")
warning IKVM0101: Unable to compile class "org.graalvm.nativeimage.Isolates$ProtectionDomain$1". (class format error "55.0")
warning IKVM0101: Unable to compile class "org.graalvm.nativeimage.Isolates$ProtectionDomain$2". (class format error "55.0")
warning IKVM0101: Unable to compile class "org.graalvm.nativeimage.Isolates$ProtectionDomain". (class format error "55.0")
warning IKVM0101: Unable to compile class "org.graalvm.nativeimage.Isolates". (class format error "55.0")
warning IKVM0101: Unable to compile class "org.graalvm.nativeimage.LogHandler". (class format error "55.0")
warning IKVM0101: Unable to compile class "org.graalvm.nativeimage.MissingForeignRegistrationError". (class format error "55.0")
warning IKVM0101: Unable to compile class "org.graalvm.nativeimage.MissingJNIRegistrationError". (class format error "55.0")
warning IKVM0101: Unable to compile class "org.graalvm.nativeimage.MissingReflectionRegistrationError". (class format error "55.0")
warning IKVM0101: Unable to compile class "org.graalvm.nativeimage.ObjectHandle". (class format error "55.0")
warning IKVM0101: Unable to compile class "org.graalvm.nativeimage.ObjectHandles". (class format error "55.0")
warning IKVM0101: Unable to compile class "org.graalvm.nativeimage.PinnedObject". (class format error "55.0")
warning IKVM0101: Unable to compile class "org.graalvm.nativeimage.Platform$AMD64". (class format error "55.0")
warning IKVM0101: Unable to compile class "org.graalvm.nativeimage.Platform$AARCH64". (class format error "55.0")
warning IKVM0101: Unable to compile class "org.graalvm.nativeimage.Platform$RISCV64". (class format error "55.0")
warning IKVM0101: Unable to compile class "org.graalvm.nativeimage.Platform$LINUX". (class format error "55.0")
warning IKVM0101: Unable to compile class "org.graalvm.nativeimage.Platform$ANDROID". (class format error "55.0")
warning IKVM0101: Unable to compile class "org.graalvm.nativeimage.Platform$DARWIN". (class format error "55.0")
warning IKVM0101: Unable to compile class "org.graalvm.nativeimage.Platform$IOS". (class format error "55.0")
warning IKVM0101: Unable to compile class "org.graalvm.nativeimage.Platform$MACOS". (class format error "55.0")
warning IKVM0101: Unable to compile class "org.graalvm.nativeimage.Platform$WINDOWS". (class format error "55.0")
warning IKVM0101: Unable to compile class "org.graalvm.nativeimage.Platform$LINUX_AMD64_BASE". (class format error "55.0")
warning IKVM0101: Unable to compile class "org.graalvm.nativeimage.Platform$LINUX_AARCH64_BASE". (class format error "55.0")
warning IKVM0101: Unable to compile class "org.graalvm.nativeimage.Platform$DARWIN_AMD64". (class format error "55.0")
warning IKVM0101: Unable to compile class "org.graalvm.nativeimage.Platform$DARWIN_AARCH64". (class format error "55.0")
warning IKVM0101: Unable to compile class "org.graalvm.nativeimage.Platform$LINUX_AMD64". (class format error "55.0")
warning IKVM0101: Unable to compile class "org.graalvm.nativeimage.Platform$LINUX_AARCH64". (class format error "55.0")
warning IKVM0101: Unable to compile class "org.graalvm.nativeimage.Platform$LINUX_RISCV64". (class format error "55.0")
warning IKVM0101: Unable to compile class "org.graalvm.nativeimage.Platform$ANDROID_AARCH64". (class format error "55.0")
warning IKVM0101: Unable to compile class "org.graalvm.nativeimage.Platform$IOS_AMD64". (class format error "55.0")
warning IKVM0101: Unable to compile class "org.graalvm.nativeimage.Platform$IOS_AARCH64". (class format error "55.0")
warning IKVM0101: Unable to compile class "org.graalvm.nativeimage.Platform$MACOS_AMD64". (class format error "55.0")
warning IKVM0101: Unable to compile class "org.graalvm.nativeimage.Platform$MACOS_AARCH64". (class format error "55.0")
warning IKVM0101: Unable to compile class "org.graalvm.nativeimage.Platform$WINDOWS_AMD64". (class format error "55.0")
warning IKVM0101: Unable to compile class "org.graalvm.nativeimage.Platform$WINDOWS_AARCH64". (class format error "55.0")
warning IKVM0101: Unable to compile class "org.graalvm.nativeimage.Platform$HOSTED_ONLY". (class format error "55.0")
warning IKVM0101: Unable to compile class "org.graalvm.nativeimage.Platform". (class format error "55.0")
warning IKVM0101: Unable to compile class "org.graalvm.nativeimage.Platforms". (class format error "55.0")
warning IKVM0101: Unable to compile class "org.graalvm.nativeimage.ProcessProperties". (class format error "55.0")
warning IKVM0101: Unable to compile class "org.graalvm.nativeimage.RuntimeOptions$Descriptor". (class format error "55.0")
warning IKVM0101: Unable to compile class "org.graalvm.nativeimage.RuntimeOptions". (class format error "55.0")
warning IKVM0101: Unable to compile class "org.graalvm.nativeimage.StackValue". (class format error "55.0")
warning IKVM0101: Unable to compile class "org.graalvm.nativeimage.Threading$RecurringCallback". (class format error "55.0")
warning IKVM0101: Unable to compile class "org.graalvm.nativeimage.Threading$RecurringCallbackAccess". (class format error "55.0")
warning IKVM0101: Unable to compile class "org.graalvm.nativeimage.Threading". (class format error "55.0")
warning IKVM0101: Unable to compile class "org.graalvm.nativeimage.UnmanagedMemory". (class format error "55.0")
warning IKVM0101: Unable to compile class "org.graalvm.nativeimage.VMRuntime". (class format error "55.0")
warning IKVM0101: Unable to compile class "org.graalvm.nativeimage.c.CContext$Directives". (class format error "55.0")
warning IKVM0101: Unable to compile class "org.graalvm.nativeimage.c.CContext". (class format error "55.0")
warning IKVM0101: Unable to compile class "org.graalvm.nativeimage.c.CHeader$Header". (class format error "55.0")
warning IKVM0101: Unable to compile class "org.graalvm.nativeimage.c.CHeader". (class format error "55.0")
warning IKVM0101: Unable to compile class "org.graalvm.nativeimage.c.struct.CStruct". (class format error "55.0")
warning IKVM0101: Unable to compile class "org.graalvm.nativeimage.c.struct.CPointerTo". (class format error "55.0")
warning IKVM0101: Unable to compile class "org.graalvm.nativeimage.c.struct.AllowNarrowingCast". (class format error "55.0")
warning IKVM0101: Unable to compile class "org.graalvm.nativeimage.c.struct.AllowWideningCast". (class format error "55.0")
warning IKVM0101: Unable to compile class "org.graalvm.nativeimage.c.struct.CBitfield". (class format error "55.0")
warning IKVM0101: Unable to compile class "org.graalvm.nativeimage.c.struct.CField". (class format error "55.0")
warning IKVM0101: Unable to compile class "org.graalvm.nativeimage.c.struct.CFieldAddress". (class format error "55.0")
warning IKVM0101: Unable to compile class "org.graalvm.nativeimage.c.struct.CFieldOffset". (class format error "55.0")
warning IKVM0101: Unable to compile class "org.graalvm.nativeimage.c.struct.CTypedefOfInfo". (class format error "55.0")
warning IKVM0101: Unable to compile class "org.graalvm.nativeimage.c.struct.RawField". (class format error "55.0")
warning IKVM0101: Unable to compile class "org.graalvm.nativeimage.c.struct.RawFieldAddress". (class format error "55.0")
warning IKVM0101: Unable to compile class "org.graalvm.nativeimage.c.struct.RawFieldOffset". (class format error "55.0")
warning IKVM0101: Unable to compile class "org.graalvm.nativeimage.c.struct.RawPointerTo". (class format error "55.0")
warning IKVM0101: Unable to compile class "org.graalvm.nativeimage.c.struct.RawStructure". (class format error "55.0")
warning IKVM0101: Unable to compile class "org.graalvm.nativeimage.c.struct.SizeOf". (class format error "55.0")
warning IKVM0101: Unable to compile class "org.graalvm.nativeimage.c.struct.UniqueLocationIdentity". (class format error "55.0")
warning IKVM0101: Unable to compile class "org.graalvm.nativeimage.c.type.CCharPointer". (class format error "55.0")
warning IKVM0101: Unable to compile class "org.graalvm.nativeimage.c.type.CCharPointerPointer". (class format error "55.0")
warning IKVM0101: Unable to compile class "org.graalvm.nativeimage.c.type.CConst". (class format error "55.0")
warning IKVM0101: Unable to compile class "org.graalvm.nativeimage.c.type.CDoublePointer". (class format error "55.0")
warning IKVM0101: Unable to compile class "org.graalvm.nativeimage.c.type.CFloatPointer". (class format error "55.0")
warning IKVM0101: Unable to compile class "org.graalvm.nativeimage.c.type.CIntPointer". (class format error "55.0")
warning IKVM0101: Unable to compile class "org.graalvm.nativeimage.c.type.CIntPointerPointer". (class format error "55.0")
warning IKVM0101: Unable to compile class "org.graalvm.nativeimage.c.type.CLongPointer". (class format error "55.0")
warning IKVM0101: Unable to compile class "org.graalvm.nativeimage.c.type.CShortPointer". (class format error "55.0")
warning IKVM0101: Unable to compile class "org.graalvm.nativeimage.c.type.CTypeConversion$CCharPointerHolder". (class format error "55.0")
warning IKVM0101: Unable to compile class "org.graalvm.nativeimage.c.type.CTypeConversion$CCharPointerPointerHolder". (class format error "55.0")
warning IKVM0101: Unable to compile class "org.graalvm.nativeimage.c.type.CTypeConversion". (class format error "55.0")
warning IKVM0101: Unable to compile class "org.graalvm.nativeimage.c.type.CTypedef". (class format error "55.0")
warning IKVM0101: Unable to compile class "org.graalvm.nativeimage.c.type.CUnsigned". (class format error "55.0")
warning IKVM0101: Unable to compile class "org.graalvm.nativeimage.c.type.VoidPointer". (class format error "55.0")
warning IKVM0101: Unable to compile class "org.graalvm.nativeimage.c.type.WordPointer". (class format error "55.0")
warning IKVM0101: Unable to compile class "org.graalvm.nativeimage.c.function.CEntryPointLiteral". (class format error "55.0")
warning IKVM0101: Unable to compile class "org.graalvm.nativeimage.c.function.CFunctionPointer". (class format error "55.0")
warning IKVM0101: Unable to compile class "org.graalvm.nativeimage.c.function.CodePointer". (class format error "55.0")
warning IKVM0101: Unable to compile class "org.graalvm.nativeimage.c.function.RelocatedPointer". (class format error "55.0")
warning IKVM0101: Unable to compile class "org.graalvm.nativeimage.c.function.CEntryPoint$FatalExceptionHandler". (class format error "55.0")
warning IKVM0101: Unable to compile class "org.graalvm.nativeimage.c.function.CEntryPoint$AlwaysIncluded". (class format error "55.0")
warning IKVM0101: Unable to compile class "org.graalvm.nativeimage.c.function.CEntryPoint$NotIncludedAutomatically". (class format error "55.0")
warning IKVM0101: Unable to compile class "org.graalvm.nativeimage.c.function.CEntryPoint$Publish". (class format error "55.0")
warning IKVM0101: Unable to compile class "org.graalvm.nativeimage.c.function.CEntryPoint$Builtin". (class format error "55.0")
warning IKVM0101: Unable to compile class "org.graalvm.nativeimage.c.function.CEntryPoint$IsolateThreadContext". (class format error "55.0")
warning IKVM0101: Unable to compile class "org.graalvm.nativeimage.c.function.CEntryPoint$IsolateContext". (class format error "55.0")
warning IKVM0101: Unable to compile class "org.graalvm.nativeimage.c.function.CEntryPoint$ExceptionHandler". (class format error "55.0")
warning IKVM0101: Unable to compile class "org.graalvm.nativeimage.c.function.CEntryPoint". (class format error "55.0")
warning IKVM0101: Unable to compile class "org.graalvm.nativeimage.c.function.CFunction$Transition". (class format error "55.0")
warning IKVM0101: Unable to compile class "org.graalvm.nativeimage.c.function.CFunction". (class format error "55.0")
warning IKVM0101: Unable to compile class "org.graalvm.nativeimage.c.function.CLibrary". (class format error "55.0")
warning IKVM0101: Unable to compile class "org.graalvm.nativeimage.c.function.CMacroInfo". (class format error "55.0")
warning IKVM0101: Unable to compile class "org.graalvm.nativeimage.c.function.InvokeCFunctionPointer". (class format error "55.0")
warning IKVM0101: Unable to compile class "org.graalvm.nativeimage.c.constant.CConstant$ValueAccess". (class format error "55.0")
warning IKVM0101: Unable to compile class "org.graalvm.nativeimage.c.constant.CConstant". (class format error "55.0")
warning IKVM0101: Unable to compile class "org.graalvm.nativeimage.c.constant.CEnum". (class format error "55.0")
warning IKVM0101: Unable to compile class "org.graalvm.nativeimage.c.constant.CEnumConstant". (class format error "55.0")
warning IKVM0101: Unable to compile class "org.graalvm.nativeimage.c.constant.CEnumLookup". (class format error "55.0")
warning IKVM0101: Unable to compile class "org.graalvm.nativeimage.c.constant.CEnumValue". (class format error "55.0")
warning IKVM0101: Unable to compile class "org.graalvm.nativeimage.impl.InternalPlatform$PLATFORM_JNI". (class format error "55.0")
warning IKVM0101: Unable to compile class "org.graalvm.nativeimage.impl.InternalPlatform$NATIVE_ONLY". (class format error "55.0")
warning IKVM0101: Unable to compile class "org.graalvm.nativeimage.impl.InternalPlatform$WINDOWS_BASE". (class format error "55.0")
warning IKVM0101: Unable to compile class "org.graalvm.nativeimage.impl.InternalPlatform". (class format error "55.0")
warning IKVM0101: Unable to compile class "org.graalvm.nativeimage.impl.AnnotationExtractor". (class format error "55.0")
warning IKVM0101: Unable to compile class "org.graalvm.nativeimage.impl.CConstantValueSupport". (class format error "55.0")
warning IKVM0101: Unable to compile class "org.graalvm.nativeimage.impl.CEntryPointLiteralCodePointer". (class format error "55.0")
warning IKVM0101: Unable to compile class "org.graalvm.nativeimage.impl.CTypeConversionSupport". (class format error "55.0")
warning IKVM0101: Unable to compile class "org.graalvm.nativeimage.impl.ClassLoading$ArbitraryClassLoadingScope". (class format error "55.0")
warning IKVM0101: Unable to compile class "org.graalvm.nativeimage.impl.ClassLoading". (class format error "55.0")
warning IKVM0101: Unable to compile class "org.graalvm.nativeimage.impl.ClassLoadingSupport". (class format error "55.0")
warning IKVM0101: Unable to compile class "org.graalvm.nativeimage.impl.ConfigurationCondition". (class format error "55.0")
warning IKVM0101: Unable to compile class "org.graalvm.nativeimage.impl.HeapDumpSupport". (class format error "55.0")
warning IKVM0101: Unable to compile class "org.graalvm.nativeimage.impl.ImageSingletonsSupport". (class format error "55.0")
warning IKVM0101: Unable to compile class "org.graalvm.nativeimage.impl.IsolateSupport". (class format error "55.0")
warning IKVM0101: Unable to compile class "org.graalvm.nativeimage.impl.ObjectHandlesSupport". (class format error "55.0")
warning IKVM0101: Unable to compile class "org.graalvm.nativeimage.impl.PinnedObjectSupport". (class format error "55.0")
warning IKVM0101: Unable to compile class "org.graalvm.nativeimage.impl.ProcessPropertiesSupport". (class format error "55.0")
warning IKVM0101: Unable to compile class "org.graalvm.nativeimage.impl.ReflectionRegistry". (class format error "55.0")
warning IKVM0101: Unable to compile class "org.graalvm.nativeimage.impl.RuntimeClassInitializationSupport". (class format error "55.0")
warning IKVM0101: Unable to compile class "org.graalvm.nativeimage.impl.RuntimeForeignAccessSupport". (class format error "55.0")
warning IKVM0101: Unable to compile class "org.graalvm.nativeimage.impl.RuntimeJNIAccessSupport". (class format error "55.0")
warning IKVM0101: Unable to compile class "org.graalvm.nativeimage.impl.RuntimeOptionsSupport". (class format error "55.0")
warning IKVM0101: Unable to compile class "org.graalvm.nativeimage.impl.RuntimeProxyCreationSupport". (class format error "55.0")
warning IKVM0101: Unable to compile class "org.graalvm.nativeimage.impl.RuntimeReflectionSupport". (class format error "55.0")
warning IKVM0101: Unable to compile class "org.graalvm.nativeimage.impl.RuntimeResourceSupport". (class format error "55.0")
warning IKVM0101: Unable to compile class "org.graalvm.nativeimage.impl.RuntimeSerializationSupport". (class format error "55.0")
warning IKVM0101: Unable to compile class "org.graalvm.nativeimage.impl.RuntimeSystemPropertiesSupport". (class format error "55.0")
warning IKVM0101: Unable to compile class "org.graalvm.nativeimage.impl.SizeOfSupport". (class format error "55.0")
warning IKVM0101: Unable to compile class "org.graalvm.nativeimage.impl.ThreadingSupport". (class format error "55.0")
warning IKVM0101: Unable to compile class "org.graalvm.nativeimage.impl.UnmanagedMemorySupport". (class format error "55.0")
warning IKVM0101: Unable to compile class "org.graalvm.nativeimage.impl.UnsafeMemorySupport". (class format error "55.0")
warning IKVM0101: Unable to compile class "org.graalvm.nativeimage.impl.VMRuntimeSupport". (class format error "55.0")
warning IKVM0101: Unable to compile class "org.graalvm.nativeimage.impl.clinit.ClassInitializationTracking". (class format error "55.0")
warning IKVM0101: Unable to compile class "org.graalvm.nativeimage.hosted.Feature$FeatureAccess". (class format error "55.0")
warning IKVM0101: Unable to compile class "org.graalvm.nativeimage.hosted.Feature$IsInConfigurationAccess". (class format error "55.0")
warning IKVM0101: Unable to compile class "org.graalvm.nativeimage.hosted.Feature$AfterRegistrationAccess". (class format error "55.0")
warning IKVM0101: Unable to compile class "org.graalvm.nativeimage.hosted.Feature$DuringSetupAccess". (class format error "55.0")
warning IKVM0101: Unable to compile class "org.graalvm.nativeimage.hosted.Feature$BeforeAnalysisAccess". (class format error "55.0")
warning IKVM0101: Unable to compile class "org.graalvm.nativeimage.hosted.Feature$DuringAnalysisAccess". (class format error "55.0")
warning IKVM0101: Unable to compile class "org.graalvm.nativeimage.hosted.Feature$AfterAnalysisAccess". (class format error "55.0")
warning IKVM0101: Unable to compile class "org.graalvm.nativeimage.hosted.Feature$QueryReachabilityAccess". (class format error "55.0")
warning IKVM0101: Unable to compile class "org.graalvm.nativeimage.hosted.Feature$OnAnalysisExitAccess". (class format error "55.0")
warning IKVM0101: Unable to compile class "org.graalvm.nativeimage.hosted.Feature$BeforeUniverseBuildingAccess". (class format error "55.0")
warning IKVM0101: Unable to compile class "org.graalvm.nativeimage.hosted.Feature$CompilationAccess". (class format error "55.0")
warning IKVM0101: Unable to compile class "org.graalvm.nativeimage.hosted.Feature$BeforeCompilationAccess". (class format error "55.0")
warning IKVM0101: Unable to compile class "org.graalvm.nativeimage.hosted.Feature$AfterCompilationAccess". (class format error "55.0")
warning IKVM0101: Unable to compile class "org.graalvm.nativeimage.hosted.Feature$BeforeHeapLayoutAccess". (class format error "55.0")
warning IKVM0101: Unable to compile class "org.graalvm.nativeimage.hosted.Feature$AfterHeapLayoutAccess". (class format error "55.0")
warning IKVM0101: Unable to compile class "org.graalvm.nativeimage.hosted.Feature$BeforeImageWriteAccess". (class format error "55.0")
warning IKVM0101: Unable to compile class "org.graalvm.nativeimage.hosted.Feature$AfterImageWriteAccess". (class format error "55.0")
warning IKVM0101: Unable to compile class "org.graalvm.nativeimage.hosted.Feature". (class format error "55.0")
warning IKVM0101: Unable to compile class "org.graalvm.nativeimage.hosted.FieldValueTransformer". (class format error "55.0")
warning IKVM0101: Unable to compile class "org.graalvm.nativeimage.hosted.RuntimeClassInitialization". (class format error "55.0")
warning IKVM0101: Unable to compile class "org.graalvm.nativeimage.hosted.RuntimeForeignAccess". (class format error "55.0")
warning IKVM0101: Unable to compile class "org.graalvm.nativeimage.hosted.RuntimeJNIAccess". (class format error "55.0")
warning IKVM0101: Unable to compile class "org.graalvm.nativeimage.hosted.RuntimeProxyCreation". (class format error "55.0")
warning IKVM0101: Unable to compile class "org.graalvm.nativeimage.hosted.RuntimeReflection". (class format error "55.0")
warning IKVM0101: Unable to compile class "org.graalvm.nativeimage.hosted.RuntimeResourceAccess". (class format error "55.0")
warning IKVM0101: Unable to compile class "org.graalvm.nativeimage.hosted.RuntimeSerialization". (class format error "55.0")
warning IKVM0101: Unable to compile class "org.graalvm.nativeimage.hosted.RuntimeSystemProperties". (class format error "55.0")
warning IKVM0101: Unable to compile class "com.oracle.svm.core.annotate.Alias". (class format error "55.0")
warning IKVM0101: Unable to compile class "com.oracle.svm.core.annotate.AnnotateOriginal". (class format error "55.0")
warning IKVM0101: Unable to compile class "com.oracle.svm.core.annotate.AutomaticFeature". (class format error "55.0")
warning IKVM0101: Unable to compile class "com.oracle.svm.core.annotate.Delete". (class format error "55.0")
warning IKVM0101: Unable to compile class "com.oracle.svm.core.annotate.Inject". (class format error "55.0")
warning IKVM0101: Unable to compile class "com.oracle.svm.core.annotate.InjectAccessors". (class format error "55.0")
warning IKVM0101: Unable to compile class "com.oracle.svm.core.annotate.KeepOriginal". (class format error "55.0")
warning IKVM0101: Unable to compile class "com.oracle.svm.core.annotate.RecomputeFieldValue$Kind". (class format error "55.0")
warning IKVM0101: Unable to compile class "com.oracle.svm.core.annotate.RecomputeFieldValue". (class format error "55.0")
warning IKVM0101: Unable to compile class "com.oracle.svm.core.annotate.Substitute". (class format error "55.0")
warning IKVM0101: Unable to compile class "com.oracle.svm.core.annotate.TargetClass$NoClassLoaderProvider". (class format error "55.0")
warning IKVM0101: Unable to compile class "com.oracle.svm.core.annotate.TargetClass$AlwaysIncluded". (class format error "55.0")
warning IKVM0101: Unable to compile class "com.oracle.svm.core.annotate.TargetClass$NoClassNameProvider". (class format error "55.0")
warning IKVM0101: Unable to compile class "com.oracle.svm.core.annotate.TargetClass". (class format error "55.0")
warning IKVM0101: Unable to compile class "com.oracle.svm.core.annotate.TargetElement". (class format error "55.0")
warning IKVM0101: Unable to compile class "module-info". (class format error "53.0")
